2025-05-10 08:01:47,263 - INFO - Verifying mountpoint availability...
2025-05-10 08:01:47,263 - INFO - Connecting to rtk2go.com:2101 for source table...
2025-05-10 08:01:47,295 - INFO - Opened serial port /dev/ttyUSB1 at 115200 baud
2025-05-10 08:01:47,356 - INFO - Connected to rtk2go.com:2101
2025-05-10 08:01:47,357 - INFO - Sent source table request
2025-05-10 08:01:47,808 - INFO - Mountpoint 'cmuairlab01' found in source table!
2025-05-10 08:01:47,809 - INFO - Waiting 2 seconds before connecting...
2025-05-10 08:01:49,809 - INFO - Connecting to rtk2go.com:2101...
2025-05-10 08:01:49,896 - INFO - Connected to rtk2go.com:2101
2025-05-10 08:01:49,896 - INFO - Sending NTRIP request headers...
2025-05-10 08:01:53,574 - INFO - Server response: ICY 200 OK
2025-05-10 08:01:53,574 - INFO - NTRIP server connected successfully
2025-05-10 08:01:53,574 - INFO - Sent initial GPGGA position: $GPGGA,092750.000,4020.7219600,N,08007.7268600,W,1,8,1.03,389.4,M,-33.184,M,,*58
2025-05-10 08:01:54,579 - INFO - Sent buffered RTCM data to GPS
2025-05-10 08:01:57,155 - INFO - Sent buffered RTCM data to GPS
2025-05-10 08:01:58,709 - INFO - RTCM data received: 268 bytes (Total: 6738 bytes)
2025-05-10 08:02:03,582 - INFO - Sent GPGGA update: $GPGGA,092750.000,4020.7219600,N,08007.7268600,W,1,8,1.03,389.4,M,-33.184,M,,*58
2025-05-10 08:02:04,585 - INFO - Sent buffered RTCM data to GPS
2025-05-10 08:02:04,684 - INFO - RTCM data received: 1024 bytes (Total: 15004 bytes)
2025-05-10 08:02:05,709 - INFO - Sent buffered RTCM data to GPS
2025-05-10 08:02:09,885 - INFO - RTCM data received: 681 bytes (Total: 23205 bytes)
2025-05-10 08:02:13,616 - INFO - Sent GPGGA update: $GPGGA,092750.000,4020.7219600,N,08007.7268600,W,1,8,1.03,389.4,M,-33.184,M,,*58
2025-05-10 08:02:15,128 - INFO - RTCM data received: 1024 bytes (Total: 31546 bytes)
2025-05-10 08:02:16,154 - INFO - Sent buffered RTCM data to GPS
2025-05-10 08:02:18,157 - INFO - Sent buffered RTCM data to GPS
2025-05-10 08:02:20,742 - INFO - RTCM data received: 268 bytes (Total: 39013 bytes)
2025-05-10 08:02:24,111 - INFO - Sent GPGGA update: $GPGGA,092750.000,4020.7219600,N,08007.7268600,W,1,8,1.03,389.4,M,-33.184,M,,*58
2025-05-10 08:02:25,137 - INFO - Sent buffered RTCM data to GPS
2025-05-10 08:02:25,763 - INFO - RTCM data received: 278 bytes (Total: 45635 bytes)
2025-05-10 08:02:28,634 - INFO - Sent buffered RTCM data to GPS
2025-05-10 08:02:31,604 - INFO - RTCM data received: 1024 bytes (Total: 53809 bytes)
2025-05-10 08:02:34,145 - INFO - Sent buffered RTCM data to GPS
2025-05-10 08:02:34,146 - INFO - Sent GPGGA update: $GPGGA,092750.000,4020.7219600,N,08007.7268600,W,1,8,1.03,389.4,M,-33.184,M,,*58
2025-05-10 08:02:36,149 - INFO - Sent buffered RTCM data to GPS
2025-05-10 08:02:36,557 - INFO - RTCM data received: 1024 bytes (Total: 60421 bytes)
2025-05-10 08:02:38,147 - INFO - Sent buffered RTCM data to GPS
2025-05-10 08:02:42,609 - INFO - Sent buffered RTCM data to GPS
2025-05-10 08:02:42,746 - INFO - RTCM data received: 1024 bytes (Total: 69833 bytes)
2025-05-10 08:02:44,143 - INFO - Sent buffered RTCM data to GPS
2025-05-10 08:02:44,851 - INFO - Sent GPGGA update: $GPGGA,092750.000,4020.7219600,N,08007.7268600,W,1,8,1.03,389.4,M,-33.184,M,,*58
2025-05-10 08:02:47,150 - INFO - Sent buffered RTCM data to GPS
2025-05-10 08:02:47,666 - INFO - RTCM data received: 278 bytes (Total: 77291 bytes)
2025-05-10 08:02:48,669 - INFO - Sent buffered RTCM data to GPS
2025-05-10 08:02:53,133 - INFO - RTCM data received: 278 bytes (Total: 85904 bytes)
2025-05-10 08:02:54,136 - INFO - Sent buffered RTCM data to GPS
2025-05-10 08:02:55,730 - INFO - Sent GPGGA update: $GPGGA,092750.000,4020.7219600,N,08007.7268600,W,1,8,1.03,389.4,M,-33.184,M,,*58
2025-05-10 08:02:58,143 - INFO - Sent buffered RTCM data to GPS
2025-05-10 08:02:58,642 - INFO - RTCM data received: 1024 bytes (Total: 92136 bytes)
2025-05-10 08:03:00,659 - INFO - Sent buffered RTCM data to GPS
2025-05-10 08:03:02,742 - INFO - Sent buffered RTCM data to GPS
2025-05-10 08:03:03,773 - INFO - RTCM data received: 268 bytes (Total: 99696 bytes)
2025-05-10 08:03:05,147 - INFO - Sent buffered RTCM data to GPS
2025-05-10 08:03:05,804 - INFO - Sent GPGGA update: $GPGGA,092750.000,4020.7219600,N,08007.7268600,W,1,8,1.03,389.4,M,-33.184,M,,*58
2025-05-10 08:03:07,735 - INFO - Sent buffered RTCM data to GPS
2025-05-10 08:03:09,127 - INFO - RTCM data received: 1024 bytes (Total: 107924 bytes)
2025-05-10 08:03:13,661 - INFO - Sent buffered RTCM data to GPS
2025-05-10 08:03:14,126 - INFO - RTCM data received: 102 bytes (Total: 115442 bytes)
2025-05-10 08:03:16,122 - INFO - Sent GPGGA update: $GPGGA,092750.000,4020.7219600,N,08007.7268600,W,1,8,1.03,389.4,M,-33.184,M,,*58
2025-05-10 08:03:17,148 - INFO - Sent buffered RTCM data to GPS
2025-05-10 08:03:18,675 - INFO - Sent buffered RTCM data to GPS
2025-05-10 08:03:20,147 - INFO - Sent buffered RTCM data to GPS
2025-05-10 08:03:20,646 - INFO - RTCM data received: 1024 bytes (Total: 124541 bytes)
2025-05-10 08:03:21,783 - INFO - Exiting...
2025-05-10 08:03:21,783 - INFO - === RTK Fix Consistency Summary ===
2025-05-10 08:03:21,784 - INFO - Total Runtime: 94.5s
2025-05-10 08:03:21,784 - INFO - RTK Fixed: 0.0s (0.00%)
2025-05-10 08:03:21,784 - INFO - RTK Float: 0.0s (0.00%)
2025-05-10 08:03:21,784 - INFO - No Fix: 0.0s (0.00%)
2025-05-10 08:03:21,784 - INFO - Number of Drops to Float/No Fix: 0
2025-05-10 08:03:21,784 - INFO - Fixed Periods: 0
2025-05-10 08:03:21,784 - INFO - Float Periods: 0
2025-05-10 08:03:21,784 - INFO - Average Satellites (Fixed): 0.0
2025-05-10 08:03:21,784 - INFO - Average HDOP (Fixed): 0.00
2025-05-10 08:03:21,784 - INFO - NTRIP connection closed
