[14:46:23] $GPGGA,184622.320,4020.7230091,N,08007.7285127,W,1,26,0.6,332.502,M,-33.184,M,,0000*68
[14:46:24] $GNRMC,184622.320,A,4020.7230091,N,08007.7285127,W,000.0,000.0,070525,,,A,V*1C
[14:46:25] $GNVTG,000.0,T,,,M,000.0,N,000.0,K,A*3F
[14:46:26] $GPGGA,184622.360,4020.7230090,N,08007.7285129,W,1,26,0.6,332.502,M,-33.184,M,,0000*63
[14:46:27] $GNRMC,184622.360,A,4020.7230090,N,08007.7285129,W,000.0,000.0,070525,,,A,V*17
[14:46:28] $GNVTG,000.0,T,,,M,000.0,N,000.0,K,A*3F
[14:46:29] $GPGGA,184622.400,4020.7230089,N,08007.7285130,W,1,26,0.6,332.503,M,-33.184,M,,0000*63
[14:46:30] $GNRMC,184622.400,A,4020.7230089,N,08007.7285130,W,000.0,000.0,070525,,,A,V*16
[14:46:31] $GNVTG,000.0,T,,,M,000.0,N,000.0,K,A*3F
[14:46:32] $GPGGA,184622.440,4020.7230089,N,08007.7285132,W,1,26,0.6,332.503,M,-33.184,M,,0000*65
[14:46:32] $GNRMC,184622.440,A,4020.7230089,N,08007.7285132,W,000.0,000.0,070525,,,A,V*10
[14:46:33] $GNVTG,000.0,T,,,M,000.0,N,000.0,K,A*3F
[14:46:34] $GPGGA,184622.480,4020.7230088,N,08007.7285133,W,1,26,0.6,332.504,M,-33.184,M,,0000*6E
[14:46:36] $GNRMC,184622.480,A,4020.7230088,N,08007.7285133,W,000.0,000.0,070525,,,A,V*1C
[14:46:37] $GNVTG,000.0,T,,,M,000.0,N,000.0,K,A*3F
[14:46:38] $GPGGA,184622.520,4020.7230087,N,08007.7285135,W,1,26,0.6,332.504,M,-33.184,M,,0000*6C
[14:46:39] $GNRMC,184622.520,A,4020.7230087,N,08007.7285135,W,000.0,000.0,070525,,,A,V*1E
[14:46:40] $GNVTG,000.0,T,,,M,000.0,N,000.0,K,A*3F
[14:46:41] $GPGGA,184622.560,4020.7230087,N,08007.7285136,W,1,26,0.6,332.505,M,-33.184,M,,0000*6A
[14:46:42] $GNRMC,184622.560,A,4020.7230087,N,08007.7285136,W,000.0,000.0,070525,,,A,V*19
[14:46:43] $GNVTG,000.0,T,,,M,000.0,N,000.0,K,A*3F
[14:46:44] $GPGGA,184622.600,4020.7230086,N,08007.7285137,W,1,26,0.6,332.505,M,-33.184,M,,0000*6F
[14:46:45] $GNRMC,184622.600,A,4020.7230086,N,08007.7285137,W,000.0,000.0,070525,,,A,V*1C
[14:46:47] $GNVTG,000.0,T,,,M,000.0,N,000.0,K,A*3F
[14:46:48] $GPGGA,184622.640,4020.7230085,N,08007.7285139,W,1,26,0.6,332.505,M,-33.184,M,,0000*66
[14:46:49] $GNRMC,184622.640,A,4020.7230085,N,08007.7285139,W,000.0,000.0,070525,,,A,V*15
[14:46:51] $GNVTG,000.0,T,,,M,000.0,N,000.0,K,A*3F
[14:46:52] $GPGGA,184622.680,4020.7230084,N,08007.7285140,W,1,26,0.6,332.506,M,-33.184,M,,0000*66
[14:46:54] $GNRMC,184622.680,A,4020.7230084,N,08007.7285140,W,000.0,000.0,070525,,,A,V*16
[14:46:56] $GNVTG,000.0,T,,,M,000.0,N,000.0,K,A*3F
[14:46:57] $GPGGA,184622.720,4020.7230084,N,08007.7285142,W,1,26,0.6,332.506,M,-33.184,M,,0000*6F
[14:46:59] $GNRMC,184622.720,A,4020.7230084,N,08007.7285142,W,000.0,000.0,070525,,,A,V*1F
[14:47:01] $GNVTG,000.0,T,,,M,000.0,N,000.0,K,A*3F
[14:47:03] $GPGGA,184622.760,4020.7230083,N,08007.7285143,W,1,26,0.6,332.507,M,-33.184,M,,0000*6C
