[16:31:38] $GPGGA,203137.880,4020.7221070,N,08007.7269854,W,1,27,0.5,326.216,M,-33.184,M,,0000*63
[16:31:39] $GNRMC,203137.880,A,4020.7221070,N,08007.7269854,W,000.0,331.4,260425,,,A,V*15
[16:31:40] $GPGGA,203137.920,4020.7221071,N,08007.7269852,W,1,27,0.5,326.217,M,-33.184,M,,0000*6E
[16:31:41] $GNRMC,203137.920,A,4020.7221071,N,08007.7269852,W,000.0,331.4,260425,,,A,V*19
[16:31:42] $GNRMC,203138.000,A,4020.7221013,N,08007.7269884,W,000.0,331.4,260425,,,A,V*12
[16:31:43] $GPGGA,133425.240,4020.7221013,N,08007.7269884,W,1,27,0.5,326.202,M,-33.184,M,,0000*6E
[16:31:44] $GNRMC,133425.240,A,4020.7221013,N,08007.7269884,W,000.0,331.4,150625,,,A,V*1F
[16:31:45] $GPGGA,203138.040,4020.7221014,N,08007.7269881,W,1,27,0.5,326.203,M,-33.184,M,,0000*66
[16:31:46] $GNRMC,203138.040,A,4020.7221014,N,08007.7269881,W,000.0,331.4,260425,,,A,V*14
[16:31:47] $GPGGA,203138.080,4020.7221014,N,08007.7269879,W,1,27,0.5,326.204,M,-33.184,M,,0000*6A
[16:31:48] $GNRMC,203138.080,A,4020.7221014,N,08007.7269879,W,000.0,331.4,260425,,,A,V*1F
[16:31:49] $GPGGA,203138.120,4020.7221015,N,08007.7269876,W,1,27,0.5,326.204,M,-33.184,M,,0000*6F
[16:31:50] $GNRMC,203138.120,A,4020.7221015,N,08007.7269876,W,000.0,331.4,260425,,,A,V*1A
[16:31:51] $GPGGA,203138.160,4020.7221016,N,08007.7269874,W,1,27,0.5,326.205,M,-33.184,M,,0000*6B
[16:31:52] $GNRMC,203138.160,A,4020.7221016,N,08007.7269874,W,000.0,331.4,260425,,,A,V*1F
[16:31:53] $GPGGA,203138.200,4020.7221016,N,08007.7269871,W,1,27,0.5,326.206,M,-33.184,M,,0000*68
[16:31:54] $GNRMC,203138.200,A,4020.7221016,N,08007.7269871,W,000.0,331.4,260425,,,A,V*1F
[16:31:56] $GPGGA,203138.240,4020.7221017,N,08007.7269868,W,1,27,0.5,326.207,M,-33.184,M,,0000*64
[16:31:57] $GNRMC,203138.240,A,4020.7221017,N,08007.7269868,W,000.0,331.4,260425,,,A,V*12
[16:31:58] $GPGGA,203138.280,4020.7221017,N,08007.7269866,W,1,27,0.5,326.208,M,-33.184,M,,0000*69
[16:31:59] $GNRMC,203138.280,A,4020.7221017,N,08007.7269866,W,000.0,331.4,260425,,,A,V*10
[16:32:00] $GPGGA,203138.320,4020.7221018,N,08007.7269863,W,1,27,0.5,326.209,M,-33.184,M,,0000*69
[16:32:01] $GNRMC,203138.320,A,4020.7221018,N,08007.7269863,W,000.0,331.4,260425,,,A,V*11
[16:32:02] $GPGGA,203138.360,4020.7221019,N,08007.7269861,W,1,27,0.5,326.210,M,-33.184,M,,0000*66
[16:32:03] $GNRMC,203138.360,A,4020.7221019,N,08007.7269861,W,000.0,331.4,260425,,,A,V*16
[16:32:04] $GPGGA,203138.400,4020.7221019,N,08007.7269858,W,1,27,0.5,326.211,M,-33.184,M,,0000*6C
[16:32:05] $GNRMC,203138.400,A,4020.7221019,N,08007.7269858,W,000.0,331.4,260425,,,A,V*1D
[16:32:06] $GPGGA,203138.440,4020.7221020,N,08007.7269855,W,1,27,0.5,326.212,M,-33.184,M,,0000*6C
[16:32:07] $GNRMC,203138.440,A,4020.7221020,N,08007.7269855,W,000.0,331.4,260425,,,A,V*1E
