[13:20:22] $GPGGA,172021.320,4020.7236339,N,08007.7277131,W,1,26,0.5,325.779,M,-33.184,M,,0000*62
[13:20:23] $GNRMC,172021.320,A,4020.7236339,N,08007.7277131,W,000.0,000.0,260425,,,A,V*1F
[13:20:24] $GPGGA,172021.360,4020.7236338,N,08007.7277135,W,1,26,0.5,325.780,M,-33.184,M,,0000*65
[13:20:25] $GNRMC,172021.360,A,4020.7236338,N,08007.7277135,W,000.0,000.0,260425,,,A,V*1E
[13:20:26] $GPGGA,172021.400,4020.7236338,N,08007.7277139,W,1,26,0.5,325.780,M,-33.184,M,,0000*68
[13:20:27] $GNRMC,172021.400,A,4020.7236338,N,08007.7277139,W,000.0,000.0,260425,,,A,V*13
[13:20:28] $GPGGA,172021.440,4020.7236337,N,08007.7277143,W,1,26,0.5,325.781,M,-33.184,M,,0000*6F
[13:20:29] $GNRMC,172021.440,A,4020.7236337,N,08007.7277143,W,000.0,000.0,260425,,,A,V*15
[13:20:30] $GPGGA,172021.480,4020.7236337,N,08007.7277146,W,1,26,0.5,325.781,M,-33.184,M,,0000*66
[13:20:31] $GNRMC,172021.480,A,4020.7236337,N,08007.7277146,W,000.0,000.0,260425,,,A,V*1C
[13:20:32] $GPGGA,172021.520,4020.7236336,N,08007.7277150,W,1,26,0.5,325.782,M,-33.184,M,,0000*68
[13:20:33] $GNRMC,172021.520,A,4020.7236336,N,08007.7277150,W,000.0,000.0,260425,,,A,V*11
[13:20:34] $GPGGA,172021.560,4020.7236336,N,08007.7277154,W,1,26,0.5,325.782,M,-33.184,M,,0000*68
[13:20:35] $GNRMC,172021.560,A,4020.7236336,N,08007.7277154,W,000.0,000.0,260425,,,A,V*11
[13:20:36] $GPGGA,172021.600,4020.7236335,N,08007.7277158,W,1,26,0.5,325.783,M,-33.184,M,,0000*63
[13:20:37] $GNRMC,172021.600,A,4020.7236335,N,08007.7277158,W,000.0,000.0,260425,,,A,V*1B
[13:20:38] $GPGGA,172021.640,4020.7236335,N,08007.7277162,W,1,26,0.5,325.783,M,-33.184,M,,0000*6E
[13:20:39] $GNRMC,172021.640,A,4020.7236335,N,08007.7277162,W,000.0,000.0,260425,,,A,V*16
[13:20:40] $GPGGA,172021.680,4020.7236334,N,08007.7277165,W,1,26,0.5,325.784,M,-33.184,M,,0000*63
[13:20:41] $GNRMC,172021.680,A,4020.7236334,N,08007.7277165,W,000.0,000.0,260425,,,A,V*1C
[13:20:42] $GPGGA,172021.720,4020.7236334,N,08007.7277169,W,1,26,0.5,325.784,M,-33.184,M,,0000*64
[13:20:43] $GNRMC,172021.720,A,4020.7236334,N,08007.7277169,W,000.0,000.0,260425,,,A,V*1B
[13:20:44] $GPGGA,172021.760,4020.7236333,N,08007.7277173,W,1,26,0.5,325.785,M,-33.184,M,,0000*6D
[13:20:45] $GNRMC,172021.760,A,4020.7236333,N,08007.7277173,W,000.0,000.0,260425,,,A,V*13
[13:20:46] $GPGGA,172021.800,4020.7236333,N,08007.7277177,W,1,26,0.5,325.785,M,-33.184,M,,0000*60
[13:20:47] $GNRMC,172021.800,A,4020.7236333,N,08007.7277177,W,000.0,000.0,260425,,,A,V*1E
[13:20:48] $GPGGA,172021.840,4020.7236332,N,08007.7277181,W,1,26,0.5,325.786,M,-33.184,M,,0000*6F
[13:20:49] $GNRMC,172021.840,A,4020.7236332,N,08007.7277181,W,000.0,000.0,260425,,,A,V*12
[13:20:50] $GPGGA,172021.880,4020.7236332,N,08007.7277185,W,1,26,0.5,325.786,M,-33.184,M,,0000*67
[13:20:51] $GNRMC,172021.880,A,4020.7236332,N,08007.7277185,W,000.0,000.0,260425,,,A,V*1A
[13:20:52] $GPGGA,172021.920,4020.7236331,N,08007.7277188,W,1,26,0.5,325.787,M,-33.184,M,,0000*63
[13:20:53] $GNRMC,172021.920,A,4020.7236331,N,08007.7277188,W,000.0,000.0,260425,,,A,V*1F
[13:20:54] $GNRMC,172022.000,A,4020.7236345,N,08007.7277136,W,000.0,000.0,260425,,,A,V*11
[13:20:55] $GPGGA,102309.240,4020.7236345,N,08007.7277136,W,1,25,0.5,325.770,M,-33.184,M,,0000*6D
[13:20:56] $GNRMC,102309.240,A,4020.7236345,N,08007.7277136,W,000.0,000.0,150625,,,A,V*18
[13:20:57] $GPGGA,172022.040,4020.7236344,N,08007.7277139,W,1,25,0.5,325.770,M,-33.184,M,,0000*6C
